<?xml version="1.0" encoding="UTF-8"?>
<testsuite xmlns:xsi="http://www.w3.org/2001/XMLSchema-instance" xsi:noNamespaceSchemaLocation="https://maven.apache.org/surefire/maven-surefire-plugin/xsd/surefire-test-report.xsd" version="3.0.2" name="com.github.pankaj111.coreutils.date.DateTimeUtilsTest" time="0.239" tests="37" errors="0" skipped="0" failures="0">
  <properties>
    <property name="java.specification.version" value="25"/>
    <property name="sun.cpu.isalist" value="amd64"/>
    <property name="sun.jnu.encoding" value="Cp1252"/>
    <property name="java.class.path" value="C:\Users\lenovo\.m2\repository\org\apache\maven\surefire\surefire-booter\3.5.0\surefire-booter-3.5.0.jar;C:\Users\lenovo\.m2\repository\org\apache\maven\surefire\surefire-api\3.5.0\surefire-api-3.5.0.jar;C:\Users\lenovo\.m2\repository\org\apache\maven\surefire\surefire-extensions-spi\3.5.0\surefire-extensions-spi-3.5.0.jar;C:\Users\lenovo\.m2\repository\org\apache\maven\surefire\surefire-shared-utils\3.5.0\surefire-shared-utils-3.5.0.jar;C:\Users\lenovo\.m2\repository\org\apache\maven\surefire\surefire-logger-api\3.5.0\surefire-logger-api-3.5.0.jar;D:\Whatsapp-Work\core-utils\target\test-classes;D:\Whatsapp-Work\core-utils\target\classes;C:\Users\lenovo\.m2\repository\org\apache\commons\commons-lang3\3.18.0\commons-lang3-3.18.0.jar;C:\Users\lenovo\.m2\repository\com\fasterxml\jackson\core\jackson-databind\2.18.0\jackson-databind-2.18.0.jar;C:\Users\lenovo\.m2\repository\com\fasterxml\jackson\core\jackson-annotations\2.18.0\jackson-annotations-2.18.0.jar;C:\Users\lenovo\.m2\repository\com\fasterxml\jackson\core\jackson-core\2.18.0\jackson-core-2.18.0.jar;C:\Users\lenovo\.m2\repository\com\fasterxml\jackson\datatype\jackson-datatype-jsr310\2.18.0\jackson-datatype-jsr310-2.18.0.jar;C:\Users\lenovo\.m2\repository\org\junit\jupiter\junit-jupiter\5.11.0\junit-jupiter-5.11.0.jar;C:\Users\lenovo\.m2\repository\org\junit\jupiter\junit-jupiter-api\5.11.0\junit-jupiter-api-5.11.0.jar;C:\Users\lenovo\.m2\repository\org\opentest4j\opentest4j\1.3.0\opentest4j-1.3.0.jar;C:\Users\lenovo\.m2\repository\org\junit\platform\junit-platform-commons\1.11.0\junit-platform-commons-1.11.0.jar;C:\Users\lenovo\.m2\repository\org\apiguardian\apiguardian-api\1.1.2\apiguardian-api-1.1.2.jar;C:\Users\lenovo\.m2\repository\org\junit\jupiter\junit-jupiter-params\5.11.0\junit-jupiter-params-5.11.0.jar;C:\Users\lenovo\.m2\repository\org\junit\jupiter\junit-jupiter-engine\5.11.0\junit-jupiter-engine-5.11.0.jar;C:\Users\lenovo\.m2\repository\org\junit\platform\junit-platform-engine\1.11.0\junit-platform-engine-1.11.0.jar;C:\Users\lenovo\.m2\repository\org\mockito\mockito-core\5.14.0\mockito-core-5.14.0.jar;C:\Users\lenovo\.m2\repository\net\bytebuddy\byte-buddy\1.15.2\byte-buddy-1.15.2.jar;C:\Users\lenovo\.m2\repository\net\bytebuddy\byte-buddy-agent\1.15.2\byte-buddy-agent-1.15.2.jar;C:\Users\lenovo\.m2\repository\org\objenesis\objenesis\3.3\objenesis-3.3.jar;C:\Users\lenovo\.m2\repository\org\apache\maven\surefire\surefire-junit-platform\3.5.0\surefire-junit-platform-3.5.0.jar;C:\Users\lenovo\.m2\repository\org\apache\maven\surefire\common-java5\3.5.0\common-java5-3.5.0.jar;C:\Users\lenovo\.m2\repository\org\junit\platform\junit-platform-launcher\1.11.0\junit-platform-launcher-1.11.0.jar"/>
    <property name="java.vm.vendor" value="Oracle Corporation"/>
    <property name="sun.arch.data.model" value="64"/>
    <property name="user.variant" value=""/>
    <property name="java.vendor.url" value="https://java.oracle.com/"/>
    <property name="user.timezone" value="Asia/Calcutta"/>
    <property name="os.name" value="Windows 11"/>
    <property name="java.vm.specification.version" value="25"/>
    <property name="sun.java.launcher" value="SUN_STANDARD"/>
    <property name="user.country" value="IN"/>
    <property name="sun.boot.library.path" value="C:\Java\Java\jdk-25\bin"/>
    <property name="sun.java.command" value="org.apache.maven.surefire.booter.ForkedBooter C:\Users\lenovo\AppData\Local\Temp\surefire5873554922744858938 2025-09-21T00-00-28_648-jvmRun1 surefire-20250921000028811_1tmp surefire_0-20250921000028811_2tmp"/>
    <property name="jdk.debug" value="release"/>
    <property name="surefire.test.class.path" value="D:\Whatsapp-Work\core-utils\target\test-classes;D:\Whatsapp-Work\core-utils\target\classes;C:\Users\lenovo\.m2\repository\org\apache\commons\commons-lang3\3.18.0\commons-lang3-3.18.0.jar;C:\Users\lenovo\.m2\repository\com\fasterxml\jackson\core\jackson-databind\2.18.0\jackson-databind-2.18.0.jar;C:\Users\lenovo\.m2\repository\com\fasterxml\jackson\core\jackson-annotations\2.18.0\jackson-annotations-2.18.0.jar;C:\Users\lenovo\.m2\repository\com\fasterxml\jackson\core\jackson-core\2.18.0\jackson-core-2.18.0.jar;C:\Users\lenovo\.m2\repository\com\fasterxml\jackson\datatype\jackson-datatype-jsr310\2.18.0\jackson-datatype-jsr310-2.18.0.jar;C:\Users\lenovo\.m2\repository\org\junit\jupiter\junit-jupiter\5.11.0\junit-jupiter-5.11.0.jar;C:\Users\lenovo\.m2\repository\org\junit\jupiter\junit-jupiter-api\5.11.0\junit-jupiter-api-5.11.0.jar;C:\Users\lenovo\.m2\repository\org\opentest4j\opentest4j\1.3.0\opentest4j-1.3.0.jar;C:\Users\lenovo\.m2\repository\org\junit\platform\junit-platform-commons\1.11.0\junit-platform-commons-1.11.0.jar;C:\Users\lenovo\.m2\repository\org\apiguardian\apiguardian-api\1.1.2\apiguardian-api-1.1.2.jar;C:\Users\lenovo\.m2\repository\org\junit\jupiter\junit-jupiter-params\5.11.0\junit-jupiter-params-5.11.0.jar;C:\Users\lenovo\.m2\repository\org\junit\jupiter\junit-jupiter-engine\5.11.0\junit-jupiter-engine-5.11.0.jar;C:\Users\lenovo\.m2\repository\org\junit\platform\junit-platform-engine\1.11.0\junit-platform-engine-1.11.0.jar;C:\Users\lenovo\.m2\repository\org\mockito\mockito-core\5.14.0\mockito-core-5.14.0.jar;C:\Users\lenovo\.m2\repository\net\bytebuddy\byte-buddy\1.15.2\byte-buddy-1.15.2.jar;C:\Users\lenovo\.m2\repository\net\bytebuddy\byte-buddy-agent\1.15.2\byte-buddy-agent-1.15.2.jar;C:\Users\lenovo\.m2\repository\org\objenesis\objenesis\3.3\objenesis-3.3.jar;"/>
    <property name="sun.cpu.endian" value="little"/>
    <property name="user.home" value="C:\Users\lenovo"/>
    <property name="user.language" value="en"/>
    <property name="java.specification.vendor" value="Oracle Corporation"/>
    <property name="java.version.date" value="2025-09-16"/>
    <property name="java.home" value="C:\Java\Java\jdk-25"/>
    <property name="file.separator" value="\"/>
    <property name="basedir" value="D:\Whatsapp-Work\core-utils"/>
    <property name="style.color" value="always"/>
    <property name="java.vm.compressedOopsMode" value="Zero based"/>
    <property name="line.separator" value="&#10;"/>
    <property name="java.vm.specification.vendor" value="Oracle Corporation"/>
    <property name="java.specification.name" value="Java Platform API Specification"/>
    <property name="user.script" value=""/>
    <property name="sun.management.compiler" value="HotSpot 64-Bit Tiered Compilers"/>
    <property name="java.runtime.version" value="25+37-LTS-3491"/>
    <property name="user.name" value="lenovo"/>
    <property name="stdout.encoding" value="Cp1252"/>
    <property name="path.separator" value=";"/>
    <property name="os.version" value="10.0"/>
    <property name="java.runtime.name" value="Java(TM) SE Runtime Environment"/>
    <property name="file.encoding" value="UTF-8"/>
    <property name="java.vm.name" value="Java HotSpot(TM) 64-Bit Server VM"/>
    <property name="localRepository" value="C:\Users\lenovo\.m2\repository"/>
    <property name="java.vendor.url.bug" value="https://bugreport.java.com/bugreport/"/>
    <property name="java.io.tmpdir" value="C:\Users\lenovo\AppData\Local\Temp\"/>
    <property name="java.version" value="25"/>
    <property name="user.dir" value="D:\Whatsapp-Work\core-utils"/>
    <property name="os.arch" value="amd64"/>
    <property name="java.vm.specification.name" value="Java Virtual Machine Specification"/>
    <property name="sun.os.patch.level" value=""/>
    <property name="native.encoding" value="Cp1252"/>
    <property name="java.library.path" value="C:\Java\Java\jdk-25\bin;C:\WINDOWS\Sun\Java\bin;C:\WINDOWS\system32;C:\WINDOWS;C:/Java/Java/jdk-25/bin/server;C:/Java/Java/jdk-25/bin;C:\Program Files\Common Files\Oracle\Java\javapath;C:\WINDOWS\system32;C:\WINDOWS;C:\WINDOWS\System32\Wbem;C:\WINDOWS\System32\WindowsPowerShell\v1.0\;C:\WINDOWS\System32\OpenSSH\;C:\Program Files\nodejs\;C:\Program Files\Git\cmd;C:\Program Files\PuTTY\;C:\Users\lenovo\AppData\Local\Programs\Python\Python313\Scripts\;C:\Users\lenovo\AppData\Local\Programs\Python\Python313\;C:\Users\lenovo\AppData\Local\Programs\Python\Launcher\;C:\Users\lenovo\AppData\Local\Microsoft\WindowsApps;C:\Microsoft-VS-Code\bin;C:\Users\lenovo\AppData\Roaming\npm;;C:\Users\lenovo\AppData\Local\Programs\Ollama;C:\WINDOWS\System32;;."/>
    <property name="java.vm.info" value="mixed mode, sharing"/>
    <property name="stderr.encoding" value="Cp1252"/>
    <property name="java.vendor" value="Oracle Corporation"/>
    <property name="java.vm.version" value="25+37-LTS-3491"/>
    <property name="stdin.encoding" value="Cp1252"/>
    <property name="sun.io.unicode.encoding" value="UnicodeLittle"/>
    <property name="java.class.version" value="69.0"/>
  </properties>
  <testcase name="testAddDays_ToLocalDate" classname="com.github.pankaj111.coreutils.date.DateTimeUtilsTest" time="0.033"/>
  <testcase name="testAddDays_ToDate" classname="com.github.pankaj111.coreutils.date.DateTimeUtilsTest" time="0.003"/>
  <testcase name="testToLocalDate_FromDate" classname="com.github.pankaj111.coreutils.date.DateTimeUtilsTest" time="0.002"/>
  <testcase name="testAddDays_ToLocalDateTime" classname="com.github.pankaj111.coreutils.date.DateTimeUtilsTest" time="0.001"/>
  <testcase name="testFormatDate_ValidDateAndPattern" classname="com.github.pankaj111.coreutils.date.DateTimeUtilsTest" time="0.003"/>
  <testcase name="testToDate_FromLocalDateTime" classname="com.github.pankaj111.coreutils.date.DateTimeUtilsTest" time="0.002"/>
  <testcase name="testFormatDateTime_ValidDateTime" classname="com.github.pankaj111.coreutils.date.DateTimeUtilsTest" time="0.002"/>
  <testcase name="testToLocalDateTime_FromDate" classname="com.github.pankaj111.coreutils.date.DateTimeUtilsTest" time="0.001"/>
  <testcase name="testParseISODateTimeStr_ValidString" classname="com.github.pankaj111.coreutils.date.DateTimeUtilsTest" time="0.003"/>
  <testcase name="testFormatDate_WithDateObject" classname="com.github.pankaj111.coreutils.date.DateTimeUtilsTest" time="0.002"/>
  <testcase name="testFormatDateInISO_DATE_NullDate" classname="com.github.pankaj111.coreutils.date.DateTimeUtilsTest" time="0.002"/>
  <testcase name="testDefaultTimezone" classname="com.github.pankaj111.coreutils.date.DateTimeUtilsTest" time="0.002"/>
  <testcase name="testParseToDate_ValidString" classname="com.github.pankaj111.coreutils.date.DateTimeUtilsTest" time="0.005"/>
  <testcase name="testParseToDate_NullInput" classname="com.github.pankaj111.coreutils.date.DateTimeUtilsTest" time="0.002"/>
  <testcase name="testFormatDateInISO_DATE_ValidDate" classname="com.github.pankaj111.coreutils.date.DateTimeUtilsTest" time="0.002"/>
  <testcase name="testSubtractDays_FromDate" classname="com.github.pankaj111.coreutils.date.DateTimeUtilsTest" time="0.002"/>
  <testcase name="testParseToDate_InvalidDateString" classname="com.github.pankaj111.coreutils.date.DateTimeUtilsTest" time="0.003"/>
  <testcase name="testNullSafety_LocalDateInput(LocalDate)[1]" classname="com.github.pankaj111.coreutils.date.DateTimeUtilsTest" time="0.009"/>
  <testcase name="testAddDays_WithTimezone" classname="com.github.pankaj111.coreutils.date.DateTimeUtilsTest" time="0.002"/>
  <testcase name="testNullSafety_LocalDateTimeInput(LocalDateTime)[1]" classname="com.github.pankaj111.coreutils.date.DateTimeUtilsTest" time="0.004"/>
  <testcase name="testFormatterCaching" classname="com.github.pankaj111.coreutils.date.DateTimeUtilsTest" time="0.001"/>
  <testcase name="testFormatDate_NullInput" classname="com.github.pankaj111.coreutils.date.DateTimeUtilsTest" time="0.001"/>
  <testcase name="testParseISODateStr_NullInput(String)[1]" classname="com.github.pankaj111.coreutils.date.DateTimeUtilsTest" time="0.002"/>
  <testcase name="testAddDays_Negative" classname="com.github.pankaj111.coreutils.date.DateTimeUtilsTest" time="0.001"/>
  <testcase name="testRemoveTime_FromLocalDateTime" classname="com.github.pankaj111.coreutils.date.DateTimeUtilsTest" time="0.002"/>
  <testcase name="testRemoveTime_WithTimezone" classname="com.github.pankaj111.coreutils.date.DateTimeUtilsTest" time="0.002"/>
  <testcase name="testSubtractDays_FromLocalDate" classname="com.github.pankaj111.coreutils.date.DateTimeUtilsTest" time="0.001"/>
  <testcase name="testFormatDate_InvalidPattern" classname="com.github.pankaj111.coreutils.date.DateTimeUtilsTest" time="0.001"/>
  <testcase name="testSetDefaultZoneId_Null" classname="com.github.pankaj111.coreutils.date.DateTimeUtilsTest" time="0.001"/>
  <testcase name="testNullSafety_DateInput(Date)[1]" classname="com.github.pankaj111.coreutils.date.DateTimeUtilsTest" time="0.001"/>
  <testcase name="testFormatDateTimeInISO_DATE_TIME" classname="com.github.pankaj111.coreutils.date.DateTimeUtilsTest" time="0.002"/>
  <testcase name="testRemoveTime_FromDate" classname="com.github.pankaj111.coreutils.date.DateTimeUtilsTest" time="0.001"/>
  <testcase name="testToDate_FromLocalDate" classname="com.github.pankaj111.coreutils.date.DateTimeUtilsTest" time="0.001"/>
  <testcase name="testSubtractDays_FromLocalDateTime" classname="com.github.pankaj111.coreutils.date.DateTimeUtilsTest" time="0.001"/>
  <testcase name="testSubtractDays_Negative" classname="com.github.pankaj111.coreutils.date.DateTimeUtilsTest" time="0.002"/>
  <testcase name="testConstructor" classname="com.github.pankaj111.coreutils.date.DateTimeUtilsTest" time="0.001"/>
  <testcase name="testParseISODateStr_ValidString" classname="com.github.pankaj111.coreutils.date.DateTimeUtilsTest" time="0.001"/>
</testsuite>